<?xml version="1.0" encoding="UTF-8"?>
<!-- Generated by org.testng.reporters.JUnitReportReporter -->
<testsuite name="DriverFactory.driverscrip1" tests="1" time="40.154" ignored="0" failures="0" timestamp="04 Nov 2019 17:18:25 GMT" skipped="0" hostname="akhireddy-PC" errors="0">
  <testcase name="keywordDrivenTest" time="40.154" classname="DriverFactory.driverscrip1"/>
</testsuite> <!-- DriverFactory.driverscrip1 -->
