<?xml version="1.0" encoding="UTF-8"?>
<!-- Generated by org.testng.reporters.JUnitReportReporter -->
<testsuite name="oct25.ScreenShot" tests="1" time="25.701" ignored="0" failures="0" timestamp="29 Oct 2019 14:45:21 GMT" skipped="0" hostname="akhireddy-PC" errors="0">
  <testcase name="Takescreen" time="25.701" classname="oct25.ScreenShot"/>
</testsuite> <!-- oct25.ScreenShot -->
