<?xml version="1.0" encoding="UTF-8"?>
<!-- Generated by org.testng.reporters.JUnitReportReporter -->
<testsuite name="pack.Demo1" tests="3" time="0.026" ignored="0" failures="0" timestamp="24 Oct 2019 14:23:09 GMT" skipped="0" hostname="akhireddy-PC" errors="0">
  <testcase name="reply" time="0.009" classname="pack.Demo1"/>
  <testcase name="login" time="0.005" classname="pack.Demo1"/>
  <testcase name="compose" time="0.012" classname="pack.Demo1"/>
</testsuite> <!-- pack.Demo1 -->
