<?xml version="1.0" encoding="UTF-8"?>
<!-- Generated by org.testng.reporters.JUnitReportReporter -->
<testsuite name="DriverFactory.AppTest" tests="1" time="2.621" ignored="0" failures="0" timestamp="04 Nov 2019 16:20:18 GMT" skipped="0" hostname="akhireddy-PC" errors="0">
  <testcase name="kickstart" time="2.621" classname="DriverFactory.AppTest"/>
</testsuite> <!-- DriverFactory.AppTest -->
