<?xml version="1.0" encoding="UTF-8"?>
<!-- Generated by org.testng.reporters.JUnitReportReporter -->
<testsuite name="DriverFactory.DriverScript" tests="1" time="12.792" ignored="0" failures="0" timestamp="04 Nov 2019 17:34:38 GMT" skipped="0" hostname="akhireddy-PC" errors="0">
  <testcase name="statrtTest" time="12.792" classname="DriverFactory.DriverScript"/>
</testsuite> <!-- DriverFactory.DriverScript -->
