<?xml version="1.0" encoding="UTF-8"?>
<!-- Generated by org.testng.reporters.JUnitReportReporter -->
<testsuite name="DriverFactory.Orange" tests="1" time="4.274" ignored="0" failures="0" timestamp="31 Oct 2019 16:20:07 GMT" skipped="0" hostname="akhireddy-PC" errors="0">
  <testcase name="verifylogin" time="4.274" classname="DriverFactory.Orange"/>
</testsuite> <!-- DriverFactory.Orange -->
