<?xml version="1.0" encoding="UTF-8"?>
<!-- Generated by org.testng.reporters.JUnitReportReporter -->
<testsuite name="oct25.UsingExtentreports" tests="1" time="11.799" ignored="0" failures="0" timestamp="29 Oct 2019 14:30:54 GMT" skipped="0" hostname="akhireddy-PC" errors="0">
  <testcase name="verifyLogin" time="11.799" classname="oct25.UsingExtentreports"/>
</testsuite> <!-- oct25.UsingExtentreports -->
