<?xml version="1.0" encoding="UTF-8"?>
<!-- Generated by org.testng.reporters.JUnitReportReporter -->
<testsuite name="DriverFactory.DataDrivenFramework" tests="1" time="85.829" ignored="0" failures="0" timestamp="29 Oct 2019 16:10:02 GMT" skipped="0" hostname="akhireddy-PC" errors="0">
  <testcase name="verifyLogin" time="85.829" classname="DriverFactory.DataDrivenFramework"/>
</testsuite> <!-- DriverFactory.DataDrivenFramework -->
