<?xml version="1.0" encoding="UTF-8"?>
<!-- Generated by org.testng.reporters.JUnitReportReporter -->
<testsuite name="pack.Demo3" tests="1" time="17.415" ignored="2" failures="0" timestamp="24 Oct 2019 15:40:47 GMT" skipped="0" hostname="akhireddy-PC" errors="0">
  <testcase name="hotel" time="17.415" classname="pack.Demo3"/>
  <testcase name="crusies" classname="pack.Demo3">
    <skipped/>
  </testcase> <!-- crusies -->
  <testcase name="register" classname="pack.Demo3">
    <skipped/>
  </testcase> <!-- register -->
</testsuite> <!-- pack.Demo3 -->
