<?xml version="1.0" encoding="UTF-8"?>
<!-- Generated by org.testng.reporters.JUnitReportReporter -->
<testsuite name="pack.Demo2" tests="3" time="14.494" ignored="1" failures="0" timestamp="24 Oct 2019 15:34:53 GMT" skipped="0" hostname="akhireddy-PC" errors="0">
  <testcase name="crusies" time="4.949" classname="pack.Demo2"/>
  <testcase name="hotel" time="4.759" classname="pack.Demo2"/>
  <testcase name="register" time="4.786" classname="pack.Demo2"/>
  <testcase name="hotel" classname="pack.Demo3">
    <skipped/>
  </testcase> <!-- hotel -->
</testsuite> <!-- pack.Demo2 -->
